<?xml version="1.0" encoding="UTF-8" ?>
<testsuite tests="10" failures="0" name="me.yorkart.net.socket.udp.client.rpc.ThriftSerializerTest" time="0.021" errors="0" skipped="0">
  <properties>
    <property name="idea.version" value="14.1.5"/>
    <property name="java.runtime.name" value="Java(TM) SE Runtime Environment"/>
    <property name="sun.boot.library.path" value="/Library/Java/JavaVirtualMachines/jdk1.8.0_51.jdk/Contents/Home/jre/lib"/>
    <property name="java.vm.version" value="25.51-b03"/>
    <property name="gopherProxySet" value="false"/>
    <property name="java.vm.vendor" value="Oracle Corporation"/>
    <property name="maven.multiModuleProjectDirectory" value="/Users/Yorkart/ProjectWorkspace/GitHub/net.udp"/>
    <property name="java.vendor.url" value="http://java.oracle.com/"/>
    <property name="path.separator" value=":"/>
    <property name="guice.disable.misplaced.annotation.check" value="true"/>
    <property name="java.vm.name" value="Java HotSpot(TM) 64-Bit Server VM"/>
    <property name="file.encoding.pkg" value="sun.io"/>
    <property name="idea.launcher.port" value="7542"/>
    <property name="user.country" value="CN"/>
    <property name="sun.java.launcher" value="SUN_STANDARD"/>
    <property name="sun.os.patch.level" value="unknown"/>
    <property name="java.vm.specification.name" value="Java Virtual Machine Specification"/>
    <property name="user.dir" value="/Users/Yorkart/ProjectWorkspace/GitHub/net.udp"/>
    <property name="java.runtime.version" value="1.8.0_51-b16"/>
    <property name="java.awt.graphicsenv" value="sun.awt.CGraphicsEnvironment"/>
    <property name="java.endorsed.dirs" value="/Library/Java/JavaVirtualMachines/jdk1.8.0_51.jdk/Contents/Home/jre/lib/endorsed"/>
    <property name="os.arch" value="x86_64"/>
    <property name="java.io.tmpdir" value="/var/folders/vr/xv2hxxn92xj854vyf1p2yhfm0000gn/T/"/>
    <property name="line.separator" value="
"/>
    <property name="java.vm.specification.vendor" value="Oracle Corporation"/>
    <property name="os.name" value="Mac OS X"/>
    <property name="classworlds.conf" value="/Users/Yorkart/develop_plugin/apache-maven-3.3.9/bin/m2.conf"/>
    <property name="sun.jnu.encoding" value="UTF-8"/>
    <property name="java.library.path" value="/Users/Yorkart/Library/Java/Extensions:/Library/Java/Extensions:/Network/Library/Java/Extensions:/System/Library/Java/Extensions:/usr/lib/java:."/>
    <property name="java.specification.name" value="Java Platform API Specification"/>
    <property name="java.class.version" value="52.0"/>
    <property name="sun.management.compiler" value="HotSpot 64-Bit Tiered Compilers"/>
    <property name="maven.repo.local" value="/Users/Yorkart/data/maven_repo"/>
    <property name="os.version" value="10.11.6"/>
    <property name="http.nonProxyHosts" value="local„ÄÅ169.254/16|*.local„ÄÅ169.254/16"/>
    <property name="user.home" value="/Users/Yorkart"/>
    <property name="user.timezone" value="Asia/Shanghai"/>
    <property name="java.awt.printerjob" value="sun.lwawt.macosx.CPrinterJob"/>
    <property name="java.specification.version" value="1.8"/>
    <property name="idea.launcher.bin.path" value="/Applications/IntelliJ IDEA 14.app/Contents/bin"/>
    <property name="file.encoding" value="UTF-8"/>
    <property name="user.name" value="Yorkart"/>
    <property name="java.class.path" value="/Users/Yorkart/develop_plugin/apache-maven-3.3.9/boot/plexus-classworlds-2.5.2.jar:/Applications/IntelliJ IDEA 14.app/Contents/lib/idea_rt.jar"/>
    <property name="java.vm.specification.version" value="1.8"/>
    <property name="sun.arch.data.model" value="64"/>
    <property name="java.home" value="/Library/Java/JavaVirtualMachines/jdk1.8.0_51.jdk/Contents/Home/jre"/>
    <property name="sun.java.command" value="com.intellij.rt.execution.application.AppMain org.codehaus.classworlds.Launcher -Didea.version=14.1.5 -s /Users/Yorkart/develop_plugin/maven/conf/settings.xml -Dmaven.repo.local=/Users/Yorkart/data/maven_repo package"/>
    <property name="java.specification.vendor" value="Oracle Corporation"/>
    <property name="user.language" value="zh"/>
    <property name="awt.toolkit" value="sun.lwawt.macosx.LWCToolkit"/>
    <property name="java.vm.info" value="mixed mode"/>
    <property name="java.version" value="1.8.0_51"/>
    <property name="java.ext.dirs" value="/Users/Yorkart/Library/Java/Extensions:/Library/Java/JavaVirtualMachines/jdk1.8.0_51.jdk/Contents/Home/jre/lib/ext:/Library/Java/Extensions:/Network/Library/Java/Extensions:/System/Library/Java/Extensions:/usr/lib/java"/>
    <property name="sun.boot.class.path" value="/Library/Java/JavaVirtualMachines/jdk1.8.0_51.jdk/Contents/Home/jre/lib/resources.jar:/Library/Java/JavaVirtualMachines/jdk1.8.0_51.jdk/Contents/Home/jre/lib/rt.jar:/Library/Java/JavaVirtualMachines/jdk1.8.0_51.jdk/Contents/Home/jre/lib/sunrsasign.jar:/Library/Java/JavaVirtualMachines/jdk1.8.0_51.jdk/Contents/Home/jre/lib/jsse.jar:/Library/Java/JavaVirtualMachines/jdk1.8.0_51.jdk/Contents/Home/jre/lib/jce.jar:/Library/Java/JavaVirtualMachines/jdk1.8.0_51.jdk/Contents/Home/jre/lib/charsets.jar:/Library/Java/JavaVirtualMachines/jdk1.8.0_51.jdk/Contents/Home/jre/lib/jfr.jar:/Library/Java/JavaVirtualMachines/jdk1.8.0_51.jdk/Contents/Home/jre/classes"/>
    <property name="java.vendor" value="Oracle Corporation"/>
    <property name="maven.home" value="/Users/Yorkart/develop_plugin/apache-maven-3.3.9"/>
    <property name="file.separator" value="/"/>
    <property name="java.vendor.url.bug" value="http://bugreport.sun.com/bugreport/"/>
    <property name="sun.cpu.endian" value="little"/>
    <property name="sun.io.unicode.encoding" value="UnicodeBig"/>
    <property name="socksNonProxyHosts" value="local„ÄÅ169.254/16|*.local„ÄÅ169.254/16"/>
    <property name="ftp.nonProxyHosts" value="local„ÄÅ169.254/16|*.local„ÄÅ169.254/16"/>
    <property name="sun.cpu.isalist" value=""/>
  </properties>
  <testcase classname="me.yorkart.net.socket.udp.client.rpc.ThriftSerializerTest" name="me.yorkart.net.socket.udp.client.rpc.ThriftSerializerTest.testGetSerializer" time="0.018"/>
  <testcase classname="me.yorkart.net.socket.udp.client.rpc.ThriftSerializerTest" name="me.yorkart.net.socket.udp.client.rpc.ThriftSerializerTest.testGetSerializer1" time="0"/>
  <testcase classname="me.yorkart.net.socket.udp.client.rpc.ThriftSerializerTest" name="me.yorkart.net.socket.udp.client.rpc.ThriftSerializerTest.testGetSerializer2" time="0"/>
  <testcase classname="me.yorkart.net.socket.udp.client.rpc.ThriftSerializerTest" name="me.yorkart.net.socket.udp.client.rpc.ThriftSerializerTest.testGetSerializer3" time="0"/>
  <testcase classname="me.yorkart.net.socket.udp.client.rpc.ThriftSerializerTest" name="me.yorkart.net.socket.udp.client.rpc.ThriftSerializerTest.testGetSerializer4" time="0"/>
  <testcase classname="me.yorkart.net.socket.udp.client.rpc.ThriftSerializerTest" name="me.yorkart.net.socket.udp.client.rpc.ThriftSerializerTest.testGetSerializer5" time="0"/>
  <testcase classname="me.yorkart.net.socket.udp.client.rpc.ThriftSerializerTest" name="me.yorkart.net.socket.udp.client.rpc.ThriftSerializerTest.testGetSerializer6" time="0"/>
  <testcase classname="me.yorkart.net.socket.udp.client.rpc.ThriftSerializerTest" name="me.yorkart.net.socket.udp.client.rpc.ThriftSerializerTest.testGetSerializer7" time="0"/>
  <testcase classname="me.yorkart.net.socket.udp.client.rpc.ThriftSerializerTest" name="me.yorkart.net.socket.udp.client.rpc.ThriftSerializerTest.testSerializerRoundtrip" time="0.003"/>
  <testcase classname="me.yorkart.net.socket.udp.client.rpc.ThriftSerializerTest" name="me.yorkart.net.socket.udp.client.rpc.ThriftSerializerTest.testEmptyObjSeserialization" time="0"/>
</testsuite>